2022-05-17 12:05:623 INFO  ManageDriver :30 - Launching Chrome Browser
2022-05-17 12:05:662 INFO  ManageDriver :30 - Launching Chrome Browser
2022-05-17 12:05:899 INFO  ManageDriver :30 - Launching Chrome Browser
2022-05-17 12:05:126 INFO  ManageDriver :30 - Launching Chrome Browser
2022-05-17 12:05:524 INFO  ManageDriver :30 - Launching Chrome Browser
2022-05-17 13:05:619 INFO  ManageDriver :30 - Launching Chrome Browser
2022-05-17 13:05:17 INFO  ManageDriver :30 - Launching Chrome Browser
2022-05-17 13:05:762 INFO  ManageDriver :30 - Launching Chrome Browser
2022-05-17 13:05:148 INFO  ManageDriver :30 - Launching Chrome Browser
2022-05-17 13:05:455 INFO  ManageDriver :30 - Launching Chrome Browser
2022-05-17 13:05:298 INFO  ManageDriver :30 - Launching Chrome Browser
2022-05-17 13:05:787 INFO  ManageDriver :30 - Launching Chrome Browser
2022-05-17 13:05:136 INFO  ManageDriver :30 - Launching Chrome Browser
2022-05-17 13:05:430 INFO  ManageDriver :30 - Launching Chrome Browser
2022-05-17 13:05:174 INFO  ManageDriver :30 - Launching Chrome Browser
2022-05-17 13:05:568 INFO  ManageDriver :30 - Launching Chrome Browser
2022-05-17 13:05:662 INFO  ManageDriver :30 - Launching Chrome Browser
2022-05-17 13:05:281 INFO  ManageDriver :30 - Launching Chrome Browser
2022-05-17 13:05:594 INFO  ManageDriver :30 - Launching Chrome Browser
2022-05-17 13:05:988 INFO  ManageDriver :30 - Launching Chrome Browser
2022-05-17 13:05:639 INFO  ManageDriver :30 - Launching Chrome Browser
2022-05-17 13:05:742 INFO  ManageDriver :30 - Launching Chrome Browser
2022-05-17 13:05:141 INFO  ManageDriver :30 - Launching Chrome Browser
2022-05-17 13:05:783 INFO  ManageDriver :30 - Launching Chrome Browser
2022-05-17 13:05:517 INFO  ManageDriver :30 - Launching Chrome Browser
2022-05-17 13:05:521 INFO  ManageDriver :30 - Launching Chrome Browser
2022-05-17 13:05:44 INFO  ManageDriver :30 - Launching Chrome Browser
2022-05-17 14:05:14 INFO  ManageDriver :30 - Launching Chrome Browser
2022-05-17 14:05:633 INFO  ManageDriver :30 - Launching Chrome Browser
2022-05-17 14:05:372 INFO  ManageDriver :30 - Launching Chrome Browser
2022-05-17 14:05:531 INFO  ManageDriver :30 - Launching Chrome Browser
2022-05-17 14:05:700 INFO  ManageDriver :30 - Launching Chrome Browser
2022-05-17 14:05:529 INFO  ManageDriver :30 - Launching Chrome Browser
2022-05-17 14:05:207 INFO  ManageDriver :30 - Launching Chrome Browser
2022-05-17 14:05:824 INFO  ManageDriver :30 - Launching Chrome Browser
2022-05-17 14:05:538 INFO  ManageDriver :30 - Launching Chrome Browser
2022-05-17 14:05:736 INFO  ManageDriver :30 - Launching Chrome Browser
2022-05-17 15:05:350 INFO  ManageDriver :30 - Launching Chrome Browser
2022-05-17 15:05:65 INFO  ManageDriver :30 - Launching Chrome Browser
2022-05-17 15:05:251 INFO  ManageDriver :30 - Launching Chrome Browser
2022-05-17 15:05:981 INFO  ManageDriver :30 - Launching Chrome Browser
2022-05-17 15:05:630 INFO  ManageDriver :30 - Launching Chrome Browser
2022-05-17 15:05:631 INFO  ManageDriver :30 - Launching Chrome Browser
2022-05-17 15:05:227 INFO  ManageDriver :30 - Launching Chrome Browser
2022-05-17 15:05:318 INFO  ManageDriver :30 - Launching Chrome Browser
2022-05-17 15:05:365 INFO  ManageDriver :30 - Launching Chrome Browser
2022-05-17 15:05:688 INFO  ManageDriver :30 - Launching Chrome Browser
2022-05-17 15:05:739 INFO  ManageDriver :30 - Launching Chrome Browser
2022-05-17 15:05:873 INFO  ManageDriver :30 - Launching Chrome Browser
2022-05-17 15:05:110 INFO  ManageDriver :30 - Launching Chrome Browser
2022-05-17 15:05:121 INFO  ManageDriver :30 - Launching Chrome Browser
2022-05-17 15:05:108 INFO  ManageDriver :30 - Launching Chrome Browser
2022-05-17 15:05:753 INFO  ManageDriver :30 - Launching Chrome Browser
2022-05-17 15:05:685 INFO  ManageDriver :30 - Launching Chrome Browser
2022-05-17 15:05:656 INFO  ManageDriver :30 - Launching Chrome Browser
2022-05-17 15:05:174 INFO  ManageDriver :30 - Launching Chrome Browser
2022-05-17 15:05:555 INFO  ManageDriver :30 - Launching Chrome Browser
2022-05-17 15:05:24 INFO  ManageDriver :30 - Launching Chrome Browser
2022-05-17 15:05:648 INFO  ManageDriver :30 - Launching Chrome Browser
2022-05-17 15:05:681 INFO  ManageDriver :30 - Launching Chrome Browser
2022-05-17 15:05:395 INFO  ManageDriver :30 - Launching Chrome Browser
2022-05-17 16:05:629 INFO  ManageDriver :30 - Launching Chrome Browser
2022-05-17 16:05:454 INFO  ProductPage :77 - selecting product : Blouse
2022-05-17 16:05:494 INFO  ManageDriver :30 - Launching Chrome Browser
2022-05-17 16:05:511 INFO  ProductPage :77 - selecting product : Printed Dress
2022-05-17 16:05:628 INFO  ManageDriver :30 - Launching Chrome Browser
2022-05-17 16:05:747 INFO  ProductPage :77 - selecting product : Printed Chiffon Dress
2022-05-17 16:05:821 INFO  ManageDriver :30 - Launching Chrome Browser
2022-05-17 16:05:785 INFO  ManageDriver :30 - Launching Chrome Browser
2022-05-17 16:05:257 INFO  ProductPage :69 - selecting product : Blouse
2022-05-17 16:05:817 INFO  ManageDriver :30 - Launching Chrome Browser
2022-05-17 16:05:862 INFO  ProductPage :69 - selecting product : Printed Dress
2022-05-17 16:05:322 INFO  ManageDriver :30 - Launching Chrome Browser
2022-05-17 16:05:590 INFO  ManageDriver :30 - Launching Chrome Browser
2022-05-17 16:05:697 INFO  ManageDriver :30 - Launching Chrome Browser
2022-05-17 16:05:899 INFO  ManageDriver :30 - Launching Chrome Browser
2022-05-17 16:05:828 INFO  ManageDriver :30 - Launching Chrome Browser
2022-05-17 16:05:773 INFO  ManageDriver :30 - Launching Chrome Browser
2022-05-17 16:05:919 INFO  ManageDriver :30 - Launching Chrome Browser
2022-05-17 16:05:434 INFO  ProductPage :68 - selecting product : Blouse
2022-05-17 16:05:743 INFO  ProductPage :40 - Select quantity :2
2022-05-17 16:05:818 INFO  ManageDriver :30 - Launching Chrome Browser
2022-05-17 16:05:362 INFO  ProductPage :68 - selecting product : Printed Dress
2022-05-17 16:05:562 INFO  ProductPage :40 - Select quantity :3
2022-05-17 16:05:633 INFO  ManageDriver :30 - Launching Chrome Browser
2022-05-17 16:05:16 INFO  ProductPage :68 - selecting product : Printed Chiffon Dress
2022-05-17 16:05:214 INFO  ProductPage :40 - Select quantity :4
2022-05-17 16:05:251 INFO  ManageDriver :30 - Launching Chrome Browser
2022-05-17 16:05:330 INFO  ManageDriver :30 - Launching Chrome Browser
2022-05-17 16:05:230 INFO  ProductPage :68 - selecting product : Blouse
2022-05-17 16:05:519 INFO  ProductPage :40 - Select quantity :2
2022-05-17 16:05:963 INFO  ManageDriver :30 - Launching Chrome Browser
2022-05-17 16:05:257 INFO  ProductPage :68 - selecting product : Printed Dress
2022-05-17 16:05:479 INFO  ProductPage :40 - Select quantity :3
2022-05-17 16:05:842 INFO  ManageDriver :30 - Launching Chrome Browser
2022-05-17 16:05:954 INFO  ManageDriver :30 - Launching Chrome Browser
2022-05-17 16:05:840 INFO  ProductPage :68 - selecting product : Blouse
2022-05-17 16:05:99 INFO  ProductPage :40 - Select quantity :2
2022-05-17 16:05:30 INFO  ManageDriver :30 - Launching Chrome Browser
2022-05-17 16:05:807 INFO  ProductPage :68 - selecting product : Printed Dress
2022-05-17 16:05:31 INFO  ProductPage :40 - Select quantity :3
2022-05-17 16:05:415 INFO  ManageDriver :30 - Launching Chrome Browser
2022-05-17 16:05:557 INFO  ManageDriver :30 - Launching Chrome Browser
2022-05-17 16:05:243 INFO  ManageDriver :30 - Launching Chrome Browser
2022-05-17 16:05:449 INFO  ProductPage :68 - selecting product : Blouse
2022-05-17 16:05:732 INFO  ProductPage :40 - Select quantity :2
2022-05-17 16:05:965 INFO  ManageDriver :30 - Launching Chrome Browser
2022-05-17 16:05:473 INFO  ProductPage :68 - selecting product : Printed Dress
2022-05-17 16:05:679 INFO  ProductPage :40 - Select quantity :3
2022-05-17 16:05:853 INFO  ManageDriver :30 - Launching Chrome Browser
2022-05-17 16:05:501 INFO  ProductPage :68 - selecting product : Printed Chiffon Dress
2022-05-17 16:05:689 INFO  ProductPage :40 - Select quantity :4
2022-05-17 16:05:791 INFO  ManageDriver :30 - Launching Chrome Browser
2022-05-17 16:05:947 INFO  ManageDriver :30 - Launching Chrome Browser
2022-05-17 16:05:802 INFO  ProductPage :82 - selecting product : Blouse
2022-05-17 16:05:95 INFO  ProductPage :42 - Select quantity :2
2022-05-17 16:05:434 INFO  ProductPage :91 - product added successfully message : [[ChromeDriver: chrome on WINDOWS (b67a97ef5559247538e00d661218dcbc)] -> xpath: //div[@class='clearfix']/div[1]/h2]
2022-05-17 16:05:600 INFO  ProductPage :95 - Closing the popup message : [[ChromeDriver: chrome on WINDOWS (b67a97ef5559247538e00d661218dcbc)] -> xpath: //div[@class='clearfix']/div[1]/h2]
2022-05-17 16:05:647 INFO  ManageDriver :30 - Launching Chrome Browser
2022-05-17 16:05:155 INFO  ProductPage :82 - selecting product : Printed Dress
2022-05-17 16:05:322 INFO  ProductPage :42 - Select quantity :3
2022-05-17 16:05:707 INFO  ProductPage :91 - product added successfully message : [[ChromeDriver: chrome on WINDOWS (bee1dac2bb76c80ee742e017d9f20eec)] -> xpath: //div[@class='clearfix']/div[1]/h2]
2022-05-17 16:05:38 INFO  ProductPage :95 - Closing the popup message : [[ChromeDriver: chrome on WINDOWS (bee1dac2bb76c80ee742e017d9f20eec)] -> xpath: //div[@class='clearfix']/div[1]/h2]
2022-05-17 16:05:107 INFO  ManageDriver :30 - Launching Chrome Browser
2022-05-17 16:05:232 INFO  ProductPage :82 - selecting product : Printed Chiffon Dress
2022-05-17 16:05:399 INFO  ProductPage :42 - Select quantity :4
2022-05-17 16:05:555 INFO  ProductPage :91 - product added successfully message : [[ChromeDriver: chrome on WINDOWS (631ecba494939e3c3213699ad28012fe)] -> xpath: //div[@class='clearfix']/div[1]/h2]
2022-05-17 16:05:531 INFO  ProductPage :95 - Closing the popup message : [[ChromeDriver: chrome on WINDOWS (631ecba494939e3c3213699ad28012fe)] -> xpath: //div[@class='clearfix']/div[1]/h2]
2022-05-17 16:05:574 INFO  ManageDriver :30 - Launching Chrome Browser
2022-05-17 16:05:483 INFO  ManageDriver :30 - Launching Chrome Browser
2022-05-17 16:05:690 INFO  ProductPage :82 - selecting product : Blouse
2022-05-17 16:05:835 INFO  ProductPage :42 - Select quantity :2
2022-05-17 16:05:118 INFO  ProductPage :91 - product added successfully message : [[ChromeDriver: chrome on WINDOWS (d23ff69cefc6d0d504fc6ef617fbef60)] -> xpath: //div[@class='clearfix']/div[1]/h2]
2022-05-17 16:05:847 INFO  ProductPage :95 - Closing the popup message : [[ChromeDriver: chrome on WINDOWS (d23ff69cefc6d0d504fc6ef617fbef60)] -> xpath: //div[@class='clearfix']/div[1]/h2]
2022-05-17 16:05:879 INFO  ManageDriver :30 - Launching Chrome Browser
2022-05-17 16:05:105 INFO  ProductPage :82 - selecting product : Printed Dress
2022-05-17 16:05:342 INFO  ProductPage :42 - Select quantity :3
2022-05-17 16:05:667 INFO  ProductPage :91 - product added successfully message : [[ChromeDriver: chrome on WINDOWS (de17f2f15df0391f2d81c8e7bff9162d)] -> xpath: //div[@class='clearfix']/div[1]/h2]
2022-05-17 16:05:566 INFO  ProductPage :95 - Closing the popup message : [[ChromeDriver: chrome on WINDOWS (de17f2f15df0391f2d81c8e7bff9162d)] -> xpath: //div[@class='clearfix']/div[1]/h2]
2022-05-17 16:05:612 INFO  ManageDriver :30 - Launching Chrome Browser
2022-05-17 16:05:783 INFO  ProductPage :82 - selecting product : Printed Chiffon Dress
2022-05-17 16:05:936 INFO  ProductPage :42 - Select quantity :4
2022-05-17 16:05:108 INFO  ProductPage :91 - product added successfully message : [[ChromeDriver: chrome on WINDOWS (181ecab1e1c2f687fb263ad121476dff)] -> xpath: //div[@class='clearfix']/div[1]/h2]
2022-05-17 16:05:367 INFO  ProductPage :95 - Closing the popup message : [[ChromeDriver: chrome on WINDOWS (181ecab1e1c2f687fb263ad121476dff)] -> xpath: //div[@class='clearfix']/div[1]/h2]
2022-05-17 16:05:382 INFO  ManageDriver :30 - Launching Chrome Browser
2022-05-17 16:05:860 INFO  ManageDriver :30 - Launching Chrome Browser
2022-05-17 16:05:629 WARN  HashedWheelTimer :672 - An exception was thrown by TimerTask.
java.lang.IllegalStateException: cannot be started once stopped
	at io.netty.util.HashedWheelTimer.start(HashedWheelTimer.java:338)
	at io.netty.util.HashedWheelTimer.newTimeout(HashedWheelTimer.java:413)
	at org.asynchttpclient.cookie.CookieEvictionTask.run(CookieEvictionTask.java:28)
	at io.netty.util.HashedWheelTimer$HashedWheelTimeout.expire(HashedWheelTimer.java:669)
	at io.netty.util.HashedWheelTimer$HashedWheelBucket.expireTimeouts(HashedWheelTimer.java:744)
	at io.netty.util.HashedWheelTimer$Worker.run(HashedWheelTimer.java:469)
	at io.netty.util.concurrent.FastThreadLocalRunnable.run(FastThreadLocalRunnable.java:30)
	at java.lang.Thread.run(Thread.java:745)
2022-05-17 16:05:861 INFO  ManageDriver :30 - Launching Chrome Browser
2022-05-17 16:05:413 INFO  ProductPage :82 - selecting product : Printed Summer Dress
2022-05-17 16:05:630 INFO  ProductPage :42 - Select quantity :2
2022-05-17 16:05:164 INFO  ProductPage :91 - product added successfully message : [[ChromeDriver: chrome on WINDOWS (2e42a511a4892a21766ce77622b75500)] -> xpath: //div[@class='clearfix']/div[1]/h2]
2022-05-17 16:05:781 INFO  ProductPage :95 - Closing the popup message : [[ChromeDriver: chrome on WINDOWS (2e42a511a4892a21766ce77622b75500)] -> xpath: //div[@class='clearfix']/div[1]/h2]
2022-05-17 16:05:629 INFO  ManageDriver :30 - Launching Chrome Browser
2022-05-17 16:05:92 INFO  ProductPage :82 - selecting product : Blouse
2022-05-17 16:05:235 INFO  ProductPage :42 - Select quantity :2
2022-05-17 16:05:491 INFO  ProductPage :91 - product added successfully message : [[ChromeDriver: chrome on WINDOWS (348dbacbc99ad0f4c2185e545dab6e62)] -> xpath: //div[@class='clearfix']/div[1]/h2]
2022-05-17 16:05:339 INFO  ProductPage :95 - Closing the popup message : [[ChromeDriver: chrome on WINDOWS (348dbacbc99ad0f4c2185e545dab6e62)] -> xpath: //div[@class='clearfix']/div[1]/h2]
2022-05-17 16:05:375 INFO  ManageDriver :30 - Launching Chrome Browser
2022-05-17 16:05:169 INFO  ProductPage :82 - selecting product : Printed Dress
2022-05-17 16:05:314 INFO  ProductPage :42 - Select quantity :3
2022-05-17 16:05:570 INFO  ProductPage :91 - product added successfully message : [[ChromeDriver: chrome on WINDOWS (393819b4f988239fd0025c110aa824a3)] -> xpath: //div[@class='clearfix']/div[1]/h2]
2022-05-17 16:05:253 INFO  ProductPage :95 - Closing the popup message : [[ChromeDriver: chrome on WINDOWS (393819b4f988239fd0025c110aa824a3)] -> xpath: //div[@class='clearfix']/div[1]/h2]
2022-05-17 16:05:288 INFO  ManageDriver :30 - Launching Chrome Browser
2022-05-17 16:05:820 INFO  ProductPage :82 - selecting product : Printed Chiffon Dress
2022-05-17 16:05:974 INFO  ProductPage :42 - Select quantity :4
2022-05-17 16:05:138 INFO  ProductPage :91 - product added successfully message : [[ChromeDriver: chrome on WINDOWS (b66b6563805f68ee5985ded412198eba)] -> xpath: //div[@class='clearfix']/div[1]/h2]
2022-05-17 16:05:01 INFO  ProductPage :95 - Closing the popup message : [[ChromeDriver: chrome on WINDOWS (b66b6563805f68ee5985ded412198eba)] -> xpath: //div[@class='clearfix']/div[1]/h2]
2022-05-17 16:05:30 INFO  ManageDriver :30 - Launching Chrome Browser
2022-05-17 16:05:806 INFO  ProductPage :82 - selecting product : Printed Summer Dress
2022-05-17 16:05:984 INFO  ProductPage :42 - Select quantity :2
2022-05-17 16:05:278 INFO  ProductPage :91 - product added successfully message : [[ChromeDriver: chrome on WINDOWS (2f969593d8a58526a6d033a31a97a0b7)] -> xpath: //div[@class='clearfix']/div[1]/h2]
2022-05-17 16:05:401 INFO  ProductPage :95 - Closing the popup message : [[ChromeDriver: chrome on WINDOWS (2f969593d8a58526a6d033a31a97a0b7)] -> xpath: //div[@class='clearfix']/div[1]/h2]
