2022-05-17 17:05:759 INFO  ManageDriver :30 - Launching Chrome Browser
2022-05-17 17:05:630 INFO  HomePage :50 - click on sign in link on home page: [[ChromeDriver: chrome on WINDOWS (2a2e93080ee71d048b995afb8bc06a6d)] -> xpath: //a[normalize-space()='Sign in']]
2022-05-17 17:05:410 INFO  CreateAccountPage :53 - enter email ID : [[ChromeDriver: chrome on WINDOWS (2a2e93080ee71d048b995afb8bc06a6d)] -> xpath: //input[@id='email_create']]
2022-05-17 17:05:536 INFO  CreateAccountPage :60 - click on create account: [[ChromeDriver: chrome on WINDOWS (2a2e93080ee71d048b995afb8bc06a6d)] -> xpath: //span[normalize-space()='Create an account']]
2022-05-17 17:05:988 INFO  CreateAccountPage :65 - enter fiest name : [[ChromeDriver: chrome on WINDOWS (2a2e93080ee71d048b995afb8bc06a6d)] -> xpath: //input[@id='customer_firstname']]
2022-05-17 17:05:73 INFO  CreateAccountPage :70 - enter last name: [[ChromeDriver: chrome on WINDOWS (2a2e93080ee71d048b995afb8bc06a6d)] -> xpath: //input[@id='customer_lastname']]
2022-05-17 17:05:206 INFO  CreateAccountPage :76 - enter password : [[ChromeDriver: chrome on WINDOWS (2a2e93080ee71d048b995afb8bc06a6d)] -> xpath: //input[@id='passwd']]
2022-05-17 17:05:310 INFO  CreateAccountPage :82 - select date : [[ChromeDriver: chrome on WINDOWS (2a2e93080ee71d048b995afb8bc06a6d)] -> xpath: //select[@id='days']]
2022-05-17 17:05:492 INFO  CreateAccountPage :87 - select month [[ChromeDriver: chrome on WINDOWS (2a2e93080ee71d048b995afb8bc06a6d)] -> xpath: //select[@id='months']]
2022-05-17 17:05:718 INFO  CreateAccountPage :92 - select year [[ChromeDriver: chrome on WINDOWS (2a2e93080ee71d048b995afb8bc06a6d)] -> xpath: //select[@id='years']]
2022-05-17 17:05:824 INFO  CreateAccountPage :127 - enter address : [[ChromeDriver: chrome on WINDOWS (2a2e93080ee71d048b995afb8bc06a6d)] -> xpath: //div[@class='account_creation']/p[4]/input]
2022-05-17 17:05:956 INFO  CreateAccountPage :132 - enter city: [[ChromeDriver: chrome on WINDOWS (2a2e93080ee71d048b995afb8bc06a6d)] -> xpath: //div[@class='account_creation']/p[6]/input]
2022-05-17 17:05:59 INFO  CreateAccountPage :138 - select state : [[ChromeDriver: chrome on WINDOWS (2a2e93080ee71d048b995afb8bc06a6d)] -> xpath: //select[@id='id_state']]
2022-05-17 17:05:191 INFO  CreateAccountPage :143 - enter zip : [[ChromeDriver: chrome on WINDOWS (2a2e93080ee71d048b995afb8bc06a6d)] -> xpath: /html[1]/body[1]/div[1]/div[2]/div[1]/div[3]/div[1]/div[1]/form[1]/div[2]/p[8]/input[1]]
2022-05-17 17:05:300 INFO  CreateAccountPage :148 - enter mobile number : [[ChromeDriver: chrome on WINDOWS (2a2e93080ee71d048b995afb8bc06a6d)] -> xpath: /html[1]/body[1]/div[1]/div[2]/div[1]/div[3]/div[1]/div[1]/form[1]/div[2]/p[13]/input[1]]
2022-05-17 17:05:409 INFO  CreateAccountPage :153 - click opn register button : [[ChromeDriver: chrome on WINDOWS (2a2e93080ee71d048b995afb8bc06a6d)] -> xpath: //p[@class='pull-right required']/preceding-sibling::button]
2022-05-17 17:05:763 INFO  CreateAccountPage :158 - verify My Account text : Proxy element for: DefaultElementLocator 'By.xpath: //ul[@class='footer_links clearfix']/parent::div/child::h1'
2022-05-17 17:05:595 INFO  ManageDriver :30 - Launching Chrome Browser
2022-05-17 17:05:969 INFO  ManageDriver :30 - Launching Chrome Browser
2022-05-17 17:05:30 INFO  HomePage :50 - click on sign in link on home page: [[ChromeDriver: chrome on WINDOWS (8a1af3019b478cc2b8535fe5a1a70212)] -> xpath: //a[normalize-space()='Sign in']]
2022-05-17 17:05:52 INFO  CreateAccountPage :53 - enter email ID : [[ChromeDriver: chrome on WINDOWS (8a1af3019b478cc2b8535fe5a1a70212)] -> xpath: //input[@id='email_create']]
2022-05-17 17:05:203 INFO  CreateAccountPage :60 - click on create account: [[ChromeDriver: chrome on WINDOWS (8a1af3019b478cc2b8535fe5a1a70212)] -> xpath: //span[normalize-space()='Create an account']]
2022-05-17 17:05:880 INFO  CreateAccountPage :65 - enter fiest name : [[ChromeDriver: chrome on WINDOWS (8a1af3019b478cc2b8535fe5a1a70212)] -> xpath: //input[@id='customer_firstname']]
2022-05-17 17:05:962 INFO  CreateAccountPage :70 - enter last name: [[ChromeDriver: chrome on WINDOWS (8a1af3019b478cc2b8535fe5a1a70212)] -> xpath: //input[@id='customer_lastname']]
2022-05-17 17:05:79 INFO  CreateAccountPage :76 - enter password : [[ChromeDriver: chrome on WINDOWS (8a1af3019b478cc2b8535fe5a1a70212)] -> xpath: //input[@id='passwd']]
2022-05-17 17:05:186 INFO  CreateAccountPage :82 - select date : [[ChromeDriver: chrome on WINDOWS (8a1af3019b478cc2b8535fe5a1a70212)] -> xpath: //select[@id='days']]
2022-05-17 17:05:329 INFO  CreateAccountPage :87 - select month [[ChromeDriver: chrome on WINDOWS (8a1af3019b478cc2b8535fe5a1a70212)] -> xpath: //select[@id='months']]
2022-05-17 17:05:495 INFO  CreateAccountPage :92 - select year [[ChromeDriver: chrome on WINDOWS (8a1af3019b478cc2b8535fe5a1a70212)] -> xpath: //select[@id='years']]
2022-05-17 17:05:567 INFO  CreateAccountPage :127 - enter address : [[ChromeDriver: chrome on WINDOWS (8a1af3019b478cc2b8535fe5a1a70212)] -> xpath: //div[@class='account_creation']/p[4]/input]
2022-05-17 17:05:664 INFO  CreateAccountPage :132 - enter city: [[ChromeDriver: chrome on WINDOWS (8a1af3019b478cc2b8535fe5a1a70212)] -> xpath: //div[@class='account_creation']/p[6]/input]
2022-05-17 17:05:759 INFO  CreateAccountPage :138 - select state : [[ChromeDriver: chrome on WINDOWS (8a1af3019b478cc2b8535fe5a1a70212)] -> xpath: //select[@id='id_state']]
2022-05-17 17:05:860 INFO  CreateAccountPage :143 - enter zip : [[ChromeDriver: chrome on WINDOWS (8a1af3019b478cc2b8535fe5a1a70212)] -> xpath: /html[1]/body[1]/div[1]/div[2]/div[1]/div[3]/div[1]/div[1]/form[1]/div[2]/p[8]/input[1]]
2022-05-17 17:05:946 INFO  CreateAccountPage :148 - enter mobile number : [[ChromeDriver: chrome on WINDOWS (8a1af3019b478cc2b8535fe5a1a70212)] -> xpath: /html[1]/body[1]/div[1]/div[2]/div[1]/div[3]/div[1]/div[1]/form[1]/div[2]/p[13]/input[1]]
2022-05-17 17:05:47 INFO  CreateAccountPage :153 - click opn register button : [[ChromeDriver: chrome on WINDOWS (8a1af3019b478cc2b8535fe5a1a70212)] -> xpath: //p[@class='pull-right required']/preceding-sibling::button]
2022-05-17 17:05:483 INFO  ManageDriver :30 - Launching Chrome Browser
2022-05-17 17:05:608 INFO  HomePage :50 - click on sign in link on home page: [[ChromeDriver: chrome on WINDOWS (a47f3204535793af078f8c39eaea02be)] -> xpath: //a[normalize-space()='Sign in']]
2022-05-17 17:05:07 INFO  CreateAccountPage :53 - enter email ID : [[ChromeDriver: chrome on WINDOWS (a47f3204535793af078f8c39eaea02be)] -> xpath: //input[@id='email_create']]
2022-05-17 17:05:121 INFO  CreateAccountPage :60 - click on create account: [[ChromeDriver: chrome on WINDOWS (a47f3204535793af078f8c39eaea02be)] -> xpath: //span[normalize-space()='Create an account']]
2022-05-17 17:05:236 INFO  CreateAccountPage :65 - enter fiest name : [[ChromeDriver: chrome on WINDOWS (a47f3204535793af078f8c39eaea02be)] -> xpath: //input[@id='customer_firstname']]
2022-05-17 17:05:351 INFO  CreateAccountPage :70 - enter last name: [[ChromeDriver: chrome on WINDOWS (a47f3204535793af078f8c39eaea02be)] -> xpath: //input[@id='customer_lastname']]
2022-05-17 17:05:459 INFO  CreateAccountPage :76 - enter password : [[ChromeDriver: chrome on WINDOWS (a47f3204535793af078f8c39eaea02be)] -> xpath: //input[@id='passwd']]
2022-05-17 17:05:624 INFO  CreateAccountPage :82 - select date : [[ChromeDriver: chrome on WINDOWS (a47f3204535793af078f8c39eaea02be)] -> xpath: //select[@id='days']]
2022-05-17 17:05:762 INFO  CreateAccountPage :87 - select month [[ChromeDriver: chrome on WINDOWS (a47f3204535793af078f8c39eaea02be)] -> xpath: //select[@id='months']]
2022-05-17 17:05:949 INFO  CreateAccountPage :92 - select year [[ChromeDriver: chrome on WINDOWS (a47f3204535793af078f8c39eaea02be)] -> xpath: //select[@id='years']]
2022-05-17 17:05:35 INFO  CreateAccountPage :127 - enter address : [[ChromeDriver: chrome on WINDOWS (a47f3204535793af078f8c39eaea02be)] -> xpath: //div[@class='account_creation']/p[4]/input]
2022-05-17 17:05:143 INFO  CreateAccountPage :132 - enter city: [[ChromeDriver: chrome on WINDOWS (a47f3204535793af078f8c39eaea02be)] -> xpath: //div[@class='account_creation']/p[6]/input]
2022-05-17 17:05:253 INFO  CreateAccountPage :138 - select state : [[ChromeDriver: chrome on WINDOWS (a47f3204535793af078f8c39eaea02be)] -> xpath: //select[@id='id_state']]
2022-05-17 17:05:374 INFO  CreateAccountPage :143 - enter zip : [[ChromeDriver: chrome on WINDOWS (a47f3204535793af078f8c39eaea02be)] -> xpath: /html[1]/body[1]/div[1]/div[2]/div[1]/div[3]/div[1]/div[1]/form[1]/div[2]/p[8]/input[1]]
2022-05-17 17:05:469 INFO  CreateAccountPage :148 - enter mobile number : [[ChromeDriver: chrome on WINDOWS (a47f3204535793af078f8c39eaea02be)] -> xpath: /html[1]/body[1]/div[1]/div[2]/div[1]/div[3]/div[1]/div[1]/form[1]/div[2]/p[13]/input[1]]
2022-05-17 17:05:570 INFO  CreateAccountPage :153 - click opn register button : [[ChromeDriver: chrome on WINDOWS (a47f3204535793af078f8c39eaea02be)] -> xpath: //p[@class='pull-right required']/preceding-sibling::button]
2022-05-17 17:05:962 INFO  CreateAccountPage :158 - verify My Account text : [[ChromeDriver: chrome on WINDOWS (a47f3204535793af078f8c39eaea02be)] -> xpath: //ul[@class='footer_links clearfix']/parent::div/child::h1]
2022-05-17 17:05:26 INFO  ManageDriver :30 - Launching Chrome Browser
2022-05-17 17:05:980 INFO  HomePage :50 - click on sign in link on home page: [[ChromeDriver: chrome on WINDOWS (e378835494d6c1d73e6211f128e0fabb)] -> xpath: //a[normalize-space()='Sign in']]
2022-05-17 17:05:770 INFO  SignInPage :57 - verify authentcation text : [[ChromeDriver: chrome on WINDOWS (e378835494d6c1d73e6211f128e0fabb)] -> xpath: //h1[contains(text(),'Authentication')]]
2022-05-17 17:05:807 INFO  ManageDriver :30 - Launching Chrome Browser
2022-05-17 17:05:726 INFO  HomePage :50 - click on sign in link on home page: [[ChromeDriver: chrome on WINDOWS (e7b7d577cdc9168245bcf3a65c15efa5)] -> xpath: //a[normalize-space()='Sign in']]
2022-05-17 17:05:38 INFO  SignInPage :61 - enter username : [[ChromeDriver: chrome on WINDOWS (e7b7d577cdc9168245bcf3a65c15efa5)] -> xpath: //input[@id='email']]
2022-05-17 17:05:116 INFO  SignInPage :66 - enter password : [[ChromeDriver: chrome on WINDOWS (e7b7d577cdc9168245bcf3a65c15efa5)] -> xpath: //input[@id='passwd']]
2022-05-17 17:05:203 INFO  SignInPage :71 - click on sign link : [[ChromeDriver: chrome on WINDOWS (e7b7d577cdc9168245bcf3a65c15efa5)] -> xpath: //span[normalize-space()='Sign in']]
2022-05-17 17:05:828 INFO  SignInPage :89 - verify error message : [[ChromeDriver: chrome on WINDOWS (e7b7d577cdc9168245bcf3a65c15efa5)] -> xpath: /html[1]/body[1]/div[1]/div[2]/div[1]/div[3]/div[1]/div[1]/ol[1]/li[1]]
2022-05-17 17:05:844 INFO  ManageDriver :30 - Launching Chrome Browser
2022-05-17 17:05:33 INFO  HomePage :50 - click on sign in link on home page: [[ChromeDriver: chrome on WINDOWS (8ea0d666f0eafecb4d9728a9203af79a)] -> xpath: //a[normalize-space()='Sign in']]
2022-05-17 17:05:71 INFO  SignInPage :61 - enter username : [[ChromeDriver: chrome on WINDOWS (8ea0d666f0eafecb4d9728a9203af79a)] -> xpath: //input[@id='email']]
2022-05-17 17:05:252 INFO  SignInPage :66 - enter password : [[ChromeDriver: chrome on WINDOWS (8ea0d666f0eafecb4d9728a9203af79a)] -> xpath: //input[@id='passwd']]
2022-05-17 17:05:332 INFO  SignInPage :71 - click on sign link : [[ChromeDriver: chrome on WINDOWS (8ea0d666f0eafecb4d9728a9203af79a)] -> xpath: //span[normalize-space()='Sign in']]
2022-05-17 17:05:934 INFO  SignInPage :89 - verify error message : [[ChromeDriver: chrome on WINDOWS (8ea0d666f0eafecb4d9728a9203af79a)] -> xpath: /html[1]/body[1]/div[1]/div[2]/div[1]/div[3]/div[1]/div[1]/ol[1]/li[1]]
2022-05-17 17:05:949 INFO  ManageDriver :30 - Launching Chrome Browser
2022-05-17 17:05:884 INFO  HomePage :50 - click on sign in link on home page: [[ChromeDriver: chrome on WINDOWS (f617c0084250e2a08c00bc99308262c1)] -> xpath: //a[normalize-space()='Sign in']]
2022-05-17 17:05:918 INFO  SignInPage :61 - enter username : [[ChromeDriver: chrome on WINDOWS (f617c0084250e2a08c00bc99308262c1)] -> xpath: //input[@id='email']]
2022-05-17 17:05:37 INFO  SignInPage :66 - enter password : [[ChromeDriver: chrome on WINDOWS (f617c0084250e2a08c00bc99308262c1)] -> xpath: //input[@id='passwd']]
2022-05-17 17:05:133 INFO  SignInPage :71 - click on sign link : [[ChromeDriver: chrome on WINDOWS (f617c0084250e2a08c00bc99308262c1)] -> xpath: //span[normalize-space()='Sign in']]
2022-05-17 17:05:712 INFO  SignInPage :89 - verify error message : [[ChromeDriver: chrome on WINDOWS (f617c0084250e2a08c00bc99308262c1)] -> xpath: /html[1]/body[1]/div[1]/div[2]/div[1]/div[3]/div[1]/div[1]/ol[1]/li[1]]
2022-05-17 17:05:725 INFO  ManageDriver :30 - Launching Chrome Browser
2022-05-17 17:05:879 INFO  HomePage :50 - click on sign in link on home page: [[ChromeDriver: chrome on WINDOWS (db991e5b51fd06234b245b27f662f93c)] -> xpath: //a[normalize-space()='Sign in']]
2022-05-17 17:05:387 INFO  SignInPage :61 - enter username : [[ChromeDriver: chrome on WINDOWS (db991e5b51fd06234b245b27f662f93c)] -> xpath: //input[@id='email']]
2022-05-17 17:05:482 INFO  SignInPage :66 - enter password : [[ChromeDriver: chrome on WINDOWS (db991e5b51fd06234b245b27f662f93c)] -> xpath: //input[@id='passwd']]
2022-05-17 17:05:577 INFO  SignInPage :71 - click on sign link : [[ChromeDriver: chrome on WINDOWS (db991e5b51fd06234b245b27f662f93c)] -> xpath: //span[normalize-space()='Sign in']]
2022-05-17 17:05:456 INFO  SignInPage :89 - verify error message : [[ChromeDriver: chrome on WINDOWS (db991e5b51fd06234b245b27f662f93c)] -> xpath: /html[1]/body[1]/div[1]/div[2]/div[1]/div[3]/div[1]/div[1]/ol[1]/li[1]]
2022-05-17 17:05:478 INFO  ManageDriver :30 - Launching Chrome Browser
2022-05-17 17:05:775 INFO  HomePage :50 - click on sign in link on home page: [[ChromeDriver: chrome on WINDOWS (eb4f45017ed3fb0366fdcf5e9f044472)] -> xpath: //a[normalize-space()='Sign in']]
2022-05-17 17:05:179 INFO  SignInPage :61 - enter username : [[ChromeDriver: chrome on WINDOWS (eb4f45017ed3fb0366fdcf5e9f044472)] -> xpath: //input[@id='email']]
2022-05-17 17:05:284 INFO  SignInPage :66 - enter password : [[ChromeDriver: chrome on WINDOWS (eb4f45017ed3fb0366fdcf5e9f044472)] -> xpath: //input[@id='passwd']]
2022-05-17 17:05:430 INFO  SignInPage :71 - click on sign link : [[ChromeDriver: chrome on WINDOWS (eb4f45017ed3fb0366fdcf5e9f044472)] -> xpath: //span[normalize-space()='Sign in']]
2022-05-17 17:05:477 INFO  SignInPage :96 - verify sign out text : [[ChromeDriver: chrome on WINDOWS (eb4f45017ed3fb0366fdcf5e9f044472)] -> xpath: //a[@title='Log me out']]
2022-05-17 17:05:489 INFO  ManageDriver :30 - Launching Chrome Browser
2022-05-17 17:05:727 INFO  HomePage :50 - click on sign in link on home page: [[ChromeDriver: chrome on WINDOWS (d771d505579c133d60233da173887f27)] -> xpath: //a[normalize-space()='Sign in']]
2022-05-17 17:05:36 INFO  SignInPage :61 - enter username : [[ChromeDriver: chrome on WINDOWS (d771d505579c133d60233da173887f27)] -> xpath: //input[@id='email']]
2022-05-17 17:05:179 INFO  SignInPage :66 - enter password : [[ChromeDriver: chrome on WINDOWS (d771d505579c133d60233da173887f27)] -> xpath: //input[@id='passwd']]
2022-05-17 17:05:300 INFO  SignInPage :71 - click on sign link : [[ChromeDriver: chrome on WINDOWS (d771d505579c133d60233da173887f27)] -> xpath: //span[normalize-space()='Sign in']]
2022-05-17 17:05:314 INFO  SignInPage :100 - click on sign out : [[ChromeDriver: chrome on WINDOWS (d771d505579c133d60233da173887f27)] -> xpath: //a[@title='Log me out']]
2022-05-17 17:05:839 INFO  SignInPage :105 - verify sign in text: [[ChromeDriver: chrome on WINDOWS (d771d505579c133d60233da173887f27)] -> xpath: //a[normalize-space()='Sign in']]
2022-05-17 17:05:866 INFO  ManageDriver :30 - Launching Chrome Browser
2022-05-17 17:05:834 INFO  HomePage :35 - click on women tab: [[ChromeDriver: chrome on WINDOWS (39cf620f35f01227c3b57602bbce8bcf)] -> xpath: //header/div[3]/div[1]/div[1]/div[6]/ul[1]/li[1]/a[1]]
2022-05-17 17:05:623 INFO  WomenCategoryPage :41 - verify women text: [[ChromeDriver: chrome on WINDOWS (39cf620f35f01227c3b57602bbce8bcf)] -> xpath: //span[@class='cat-name']]
2022-05-17 17:05:642 INFO  ManageDriver :30 - Launching Chrome Browser
2022-05-17 17:05:946 INFO  HomePage :35 - click on women tab: [[ChromeDriver: chrome on WINDOWS (5843468769e3862bf8e928c69053dc62)] -> xpath: //header/div[3]/div[1]/div[1]/div[6]/ul[1]/li[1]/a[1]]
2022-05-17 17:05:639 INFO  ProductPage :82 - selecting product : Blouse
2022-05-17 17:05:780 INFO  ProductPage :43 - Select quantity :2
2022-05-17 17:05:795 INFO  ProductPage :47 - select size : [[ChromeDriver: chrome on WINDOWS (5843468769e3862bf8e928c69053dc62)] -> xpath: //select[@id='group_1']]
2022-05-17 17:05:894 INFO  ProductPage :71 - click opn add to cart button : [[ChromeDriver: chrome on WINDOWS (5843468769e3862bf8e928c69053dc62)] -> xpath: //span[contains(text(),'Add to cart')]]
2022-05-17 17:05:989 INFO  ProductPage :91 - product added successfully message : [[ChromeDriver: chrome on WINDOWS (5843468769e3862bf8e928c69053dc62)] -> xpath: //div[@class='clearfix']/div[1]/h2]
2022-05-17 17:05:629 INFO  ProductPage :96 - Closing the popup message : [[ChromeDriver: chrome on WINDOWS (5843468769e3862bf8e928c69053dc62)] -> xpath: //div[@class='clearfix']/div[1]/h2]
2022-05-17 17:05:658 INFO  ManageDriver :30 - Launching Chrome Browser
2022-05-17 17:05:133 INFO  HomePage :35 - click on women tab: [[ChromeDriver: chrome on WINDOWS (d0ba2064c2c222ade4a549706716a24c)] -> xpath: //header/div[3]/div[1]/div[1]/div[6]/ul[1]/li[1]/a[1]]
2022-05-17 17:05:441 INFO  ProductPage :82 - selecting product : Printed Dress
2022-05-17 17:05:708 INFO  ProductPage :43 - Select quantity :3
2022-05-17 17:05:735 INFO  ProductPage :47 - select size : [[ChromeDriver: chrome on WINDOWS (d0ba2064c2c222ade4a549706716a24c)] -> xpath: //select[@id='group_1']]
2022-05-17 17:05:913 INFO  ProductPage :71 - click opn add to cart button : [[ChromeDriver: chrome on WINDOWS (d0ba2064c2c222ade4a549706716a24c)] -> xpath: //span[contains(text(),'Add to cart')]]
2022-05-17 17:05:105 INFO  ProductPage :91 - product added successfully message : [[ChromeDriver: chrome on WINDOWS (d0ba2064c2c222ade4a549706716a24c)] -> xpath: //div[@class='clearfix']/div[1]/h2]
2022-05-17 17:05:819 INFO  ProductPage :96 - Closing the popup message : [[ChromeDriver: chrome on WINDOWS (d0ba2064c2c222ade4a549706716a24c)] -> xpath: //div[@class='clearfix']/div[1]/h2]
2022-05-17 17:05:844 INFO  ManageDriver :30 - Launching Chrome Browser
2022-05-17 17:05:826 INFO  HomePage :35 - click on women tab: [[ChromeDriver: chrome on WINDOWS (bc464643828e15b9d2607766a2ad385d)] -> xpath: //header/div[3]/div[1]/div[1]/div[6]/ul[1]/li[1]/a[1]]
2022-05-17 17:05:641 INFO  ProductPage :82 - selecting product : Printed Chiffon Dress
2022-05-17 17:05:793 INFO  ProductPage :43 - Select quantity :4
2022-05-17 17:05:810 INFO  ProductPage :47 - select size : [[ChromeDriver: chrome on WINDOWS (bc464643828e15b9d2607766a2ad385d)] -> xpath: //select[@id='group_1']]
2022-05-17 17:05:879 INFO  ProductPage :71 - click opn add to cart button : [[ChromeDriver: chrome on WINDOWS (bc464643828e15b9d2607766a2ad385d)] -> xpath: //span[contains(text(),'Add to cart')]]
2022-05-17 17:05:02 INFO  ProductPage :91 - product added successfully message : [[ChromeDriver: chrome on WINDOWS (bc464643828e15b9d2607766a2ad385d)] -> xpath: //div[@class='clearfix']/div[1]/h2]
2022-05-17 17:05:828 INFO  ProductPage :96 - Closing the popup message : [[ChromeDriver: chrome on WINDOWS (bc464643828e15b9d2607766a2ad385d)] -> xpath: //div[@class='clearfix']/div[1]/h2]
2022-05-17 17:05:909 INFO  ManageDriver :30 - Launching Chrome Browser
2022-05-17 17:05:729 INFO  HomePage :35 - click on women tab: [[ChromeDriver: chrome on WINDOWS (6d718a3c911f04fbd5bd923ed146ca07)] -> xpath: //header/div[3]/div[1]/div[1]/div[6]/ul[1]/li[1]/a[1]]
2022-05-17 17:05:100 INFO  ProductPage :82 - selecting product : Printed Summer Dress
2022-05-17 17:05:264 INFO  ProductPage :43 - Select quantity :2
2022-05-17 17:05:288 INFO  ProductPage :47 - select size : [[ChromeDriver: chrome on WINDOWS (6d718a3c911f04fbd5bd923ed146ca07)] -> xpath: //select[@id='group_1']]
2022-05-17 17:05:419 INFO  ProductPage :71 - click opn add to cart button : [[ChromeDriver: chrome on WINDOWS (6d718a3c911f04fbd5bd923ed146ca07)] -> xpath: //span[contains(text(),'Add to cart')]]
2022-05-17 17:05:571 INFO  ProductPage :91 - product added successfully message : [[ChromeDriver: chrome on WINDOWS (6d718a3c911f04fbd5bd923ed146ca07)] -> xpath: //div[@class='clearfix']/div[1]/h2]
2022-05-17 17:05:142 INFO  ProductPage :96 - Closing the popup message : [[ChromeDriver: chrome on WINDOWS (6d718a3c911f04fbd5bd923ed146ca07)] -> xpath: //div[@class='clearfix']/div[1]/h2]
2022-05-17 17:05:792 INFO  ManageDriver :30 - Launching Chrome Browser
2022-05-17 17:05:354 INFO  HomePage :50 - click on sign in link on home page: [[ChromeDriver: chrome on WINDOWS (fd6ea3d1e1591c4f321e9f1c857a6cf4)] -> xpath: //a[normalize-space()='Sign in']]
2022-05-17 17:05:517 INFO  CreateAccountPage :53 - enter email ID : [[ChromeDriver: chrome on WINDOWS (fd6ea3d1e1591c4f321e9f1c857a6cf4)] -> xpath: //input[@id='email_create']]
2022-05-17 17:05:676 INFO  CreateAccountPage :60 - click on create account: [[ChromeDriver: chrome on WINDOWS (fd6ea3d1e1591c4f321e9f1c857a6cf4)] -> xpath: //span[normalize-space()='Create an account']]
2022-05-17 17:05:22 INFO  CreateAccountPage :65 - enter fiest name : [[ChromeDriver: chrome on WINDOWS (fd6ea3d1e1591c4f321e9f1c857a6cf4)] -> xpath: //input[@id='customer_firstname']]
2022-05-17 17:05:116 INFO  CreateAccountPage :70 - enter last name: [[ChromeDriver: chrome on WINDOWS (fd6ea3d1e1591c4f321e9f1c857a6cf4)] -> xpath: //input[@id='customer_lastname']]
2022-05-17 17:05:232 INFO  CreateAccountPage :76 - enter password : [[ChromeDriver: chrome on WINDOWS (fd6ea3d1e1591c4f321e9f1c857a6cf4)] -> xpath: //input[@id='passwd']]
2022-05-17 17:05:370 INFO  CreateAccountPage :82 - select date : [[ChromeDriver: chrome on WINDOWS (fd6ea3d1e1591c4f321e9f1c857a6cf4)] -> xpath: //select[@id='days']]
2022-05-17 17:05:572 INFO  CreateAccountPage :87 - select month [[ChromeDriver: chrome on WINDOWS (fd6ea3d1e1591c4f321e9f1c857a6cf4)] -> xpath: //select[@id='months']]
2022-05-17 17:05:728 INFO  CreateAccountPage :92 - select year [[ChromeDriver: chrome on WINDOWS (fd6ea3d1e1591c4f321e9f1c857a6cf4)] -> xpath: //select[@id='years']]
2022-05-17 17:05:819 INFO  CreateAccountPage :127 - enter address : [[ChromeDriver: chrome on WINDOWS (fd6ea3d1e1591c4f321e9f1c857a6cf4)] -> xpath: //div[@class='account_creation']/p[4]/input]
2022-05-17 17:05:965 INFO  CreateAccountPage :132 - enter city: [[ChromeDriver: chrome on WINDOWS (fd6ea3d1e1591c4f321e9f1c857a6cf4)] -> xpath: //div[@class='account_creation']/p[6]/input]
2022-05-17 17:05:64 INFO  CreateAccountPage :138 - select state : [[ChromeDriver: chrome on WINDOWS (fd6ea3d1e1591c4f321e9f1c857a6cf4)] -> xpath: //select[@id='id_state']]
2022-05-17 17:05:185 INFO  CreateAccountPage :143 - enter zip : [[ChromeDriver: chrome on WINDOWS (fd6ea3d1e1591c4f321e9f1c857a6cf4)] -> xpath: /html[1]/body[1]/div[1]/div[2]/div[1]/div[3]/div[1]/div[1]/form[1]/div[2]/p[8]/input[1]]
2022-05-17 17:05:283 INFO  CreateAccountPage :148 - enter mobile number : [[ChromeDriver: chrome on WINDOWS (fd6ea3d1e1591c4f321e9f1c857a6cf4)] -> xpath: /html[1]/body[1]/div[1]/div[2]/div[1]/div[3]/div[1]/div[1]/form[1]/div[2]/p[13]/input[1]]
2022-05-17 17:05:412 INFO  CreateAccountPage :153 - click opn register button : [[ChromeDriver: chrome on WINDOWS (fd6ea3d1e1591c4f321e9f1c857a6cf4)] -> xpath: //p[@class='pull-right required']/preceding-sibling::button]
2022-05-17 17:05:737 INFO  CreateAccountPage :158 - verify My Account text : [[ChromeDriver: chrome on WINDOWS (fd6ea3d1e1591c4f321e9f1c857a6cf4)] -> xpath: //ul[@class='footer_links clearfix']/parent::div/child::h1]
2022-05-17 17:05:615 INFO  ManageDriver :30 - Launching Chrome Browser
2022-05-17 17:05:495 INFO  HomePage :50 - click on sign in link on home page: [[ChromeDriver: chrome on WINDOWS (ac4aee6edab042a2829c1ae112789a75)] -> xpath: //a[normalize-space()='Sign in']]
2022-05-17 17:05:977 INFO  SignInPage :57 - verify authentcation text : [[ChromeDriver: chrome on WINDOWS (ac4aee6edab042a2829c1ae112789a75)] -> xpath: //h1[contains(text(),'Authentication')]]
2022-05-17 17:05:993 INFO  ManageDriver :30 - Launching Chrome Browser
2022-05-17 17:05:960 INFO  HomePage :35 - click on women tab: [[ChromeDriver: chrome on WINDOWS (24f06ba65293f2ac2f44f1504ea32e1b)] -> xpath: //header/div[3]/div[1]/div[1]/div[6]/ul[1]/li[1]/a[1]]
2022-05-17 17:05:782 INFO  WomenCategoryPage :41 - verify women text: [[ChromeDriver: chrome on WINDOWS (24f06ba65293f2ac2f44f1504ea32e1b)] -> xpath: //span[@class='cat-name']]
